C:\USERS\ALANDER\DESKTOP\AST1\AST1\AST1\DEBUG\AST1.EXE.EMBED.MANIFEST
C:\USERS\ALANDER\DESKTOP\AST1\AST1\AST1\DEBUG\AST1.EXE.EMBED.MANIFEST.RES
C:\USERS\ALANDER\DESKTOP\AST1\AST1\AST1\DEBUG\AST1.EXE.INTERMEDIATE.MANIFEST
C:\USERS\ALANDER\DESKTOP\AST1\AST1\AST1\DEBUG\AST1.OBJ
C:\USERS\ALANDER\DESKTOP\AST1\AST1\AST1\DEBUG\AST1.PCH
C:\Users\Alander\Desktop\ast1\ast1\ast1\Debug\ast1_manifest.rc
C:\USERS\ALANDER\DESKTOP\AST1\AST1\AST1\DEBUG\ASTENTITY.OBJ
C:\USERS\ALANDER\DESKTOP\AST1\AST1\AST1\DEBUG\ASTNODE.OBJ
C:\Users\Alander\Desktop\ast1\ast1\ast1\Debug\cl.command.1.tlog
C:\Users\Alander\Desktop\ast1\ast1\ast1\Debug\CL.read.1.tlog
C:\Users\Alander\Desktop\ast1\ast1\ast1\Debug\CL.write.1.tlog
C:\Users\Alander\Desktop\ast1\ast1\ast1\Debug\link.1492.read.1.tlog
C:\Users\Alander\Desktop\ast1\ast1\ast1\Debug\link.1492.write.1.tlog
C:\Users\Alander\Desktop\ast1\ast1\ast1\Debug\link.1492-cvtres.read.1.tlog
C:\Users\Alander\Desktop\ast1\ast1\ast1\Debug\link.1492-cvtres.write.1.tlog
C:\Users\Alander\Desktop\ast1\ast1\ast1\Debug\link.command.1.tlog
C:\Users\Alander\Desktop\ast1\ast1\ast1\Debug\link.read.1.tlog
C:\Users\Alander\Desktop\ast1\ast1\ast1\Debug\link.write.1.tlog
C:\Users\Alander\Desktop\ast1\ast1\ast1\Debug\link-cvtres.read.1.tlog
C:\Users\Alander\Desktop\ast1\ast1\ast1\Debug\link-cvtres.write.1.tlog
C:\Users\Alander\Desktop\ast1\ast1\ast1\Debug\mt.command.1.tlog
C:\Users\Alander\Desktop\ast1\ast1\ast1\Debug\mt.read.1.tlog
C:\Users\Alander\Desktop\ast1\ast1\ast1\Debug\mt.write.1.tlog
C:\Users\Alander\Desktop\ast1\ast1\ast1\Debug\rc.command.1.tlog
C:\Users\Alander\Desktop\ast1\ast1\ast1\Debug\rc.read.1.tlog
C:\Users\Alander\Desktop\ast1\ast1\ast1\Debug\rc.write.1.tlog
C:\USERS\ALANDER\DESKTOP\AST1\AST1\AST1\DEBUG\STDAFX.OBJ
C:\Users\Alander\Desktop\ast1\ast1\ast1\Debug\vc100.idb
C:\USERS\ALANDER\DESKTOP\AST1\AST1\AST1\DEBUG\VC100.PDB
C:\USERS\ALANDER\DESKTOP\AST1\AST1\DEBUG\AST1.EXE
C:\USERS\ALANDER\DESKTOP\AST1\AST1\DEBUG\AST1.ILK
C:\USERS\ALANDER\DESKTOP\AST1\AST1\DEBUG\AST1.PDB
