Build started 9/26/2012 9:06:28 PM.
     1>Project "C:\Users\Alander\Desktop\ast1\ast1\ast1.vcxproj" on node 2 (build target(s)).
     1>InitializeBuildStatus:
         Creating "Debug\ast1.unsuccessfulbuild" because "AlwaysCreate" was specified.
       ClCompile:
         All outputs are up-to-date.
         C:\Program Files (x86)\Microsoft Visual Studio 10.0\VC\bin\CL.exe /c /ZI /nologo /W3 /WX- /Od /Oy- /D WIN32 /D _DEBUG /D _CONSOLE /D _UNICODE /D UNICODE /Gm /EHsc /RTC1 /MDd /GS /fp:precise /Zc:wchar_t /Zc:forScope /Yu"StdAfx.h" /Fp"Debug\ast1.pch" /Fo"Debug\\" /Fd"Debug\vc100.pdb" /Gd /TP /analyze- /errorReport:prompt StmtNode.cpp
         StmtNode.cpp
       ManifestResourceCompile:
         All outputs are up-to-date.
       Link:
         C:\Program Files (x86)\Microsoft Visual Studio 10.0\VC\bin\link.exe /ERRORREPORT:PROMPT /OUT:"C:\Users\Alander\Desktop\ast1\Debug\ast1.exe" /INCREMENTAL /NOLOGO kernel32.lib user32.lib gdi32.lib winspool.lib comdlg32.lib advapi32.lib shell32.lib ole32.lib oleaut32.lib uuid.lib odbc32.lib odbccp32.lib /MANIFEST /ManifestFile:"Debug\ast1.exe.intermediate.manifest" /MANIFESTUAC:"level='asInvoker' uiAccess='false'" /DEBUG /PDB:"C:\Users\Alander\Desktop\ast1\Debug\ast1.pdb" /SUBSYSTEM:CONSOLE /TLBID:1 /DYNAMICBASE /NXCOMPAT /IMPLIB:"C:\Users\Alander\Desktop\ast1\Debug\ast1.lib" /MACHINE:X86 Debug\ast1.exe.embed.manifest.res
         Debug\AssignmentParser.obj
         Debug\ast1.obj
         Debug\ASTEntity.obj
         Debug\ASTNode.obj
         Debug\CallNode.obj
         Debug\stdafx.obj
         Debug\StmtNode.obj
       Manifest:
         C:\Program Files (x86)\Microsoft SDKs\Windows\v7.0A\bin\mt.exe /nologo /verbose /out:"Debug\ast1.exe.embed.manifest" /manifest Debug\ast1.exe.intermediate.manifest
         All outputs are up-to-date.
       LinkEmbedManifest:
         All outputs are up-to-date.
         ast1.vcxproj -> C:\Users\Alander\Desktop\ast1\Debug\ast1.exe
       FinalizeBuildStatus:
         Deleting file "Debug\ast1.unsuccessfulbuild".
         Touching "Debug\ast1.lastbuildstate".
     1>Done Building Project "C:\Users\Alander\Desktop\ast1\ast1\ast1.vcxproj" (build target(s)).

Build succeeded.

Time Elapsed 00:00:00.60
